--------------------------------------------------------------------------------
Release 14.7 Trace  (nt64)
Copyright (c) 1995-2013 Xilinx, Inc.  All rights reserved.

C:\Xilinx\14.7\ISE_DS\ISE\bin\nt64\unwrapped\trce.exe -intstyle ise -v 3 -s 5
-n 3 -fastpaths -xml Hancarlson.twx Hancarlson.ncd -o Hancarlson.twr
Hancarlson.pcf

Design file:              Hancarlson.ncd
Physical constraint file: Hancarlson.pcf
Device,package,speed:     xc3s200,pq208,-5 (PRODUCTION 1.39 2013-10-13)
Report level:             verbose report

Environment Variable      Effect 
--------------------      ------ 
NONE                      No environment variables were set
--------------------------------------------------------------------------------

INFO:Timing:2698 - No timing constraints found, doing default enumeration.
INFO:Timing:3412 - To improve timing, see the Timing Closure User Guide (UG612).
INFO:Timing:2752 - To get complete path coverage, use the unconstrained paths 
   option. All paths that are not constrained will be reported in the 
   unconstrained paths section(s) of the report.
INFO:Timing:3339 - The clock-to-out numbers in this timing report are based on 
   a 50 Ohm transmission line loading model.  For the details of this model, 
   and for more information on accounting for different loading conditions, 
   please see the device datasheet.
INFO:Timing:3390 - This architecture does not support a default System Jitter 
   value, please add SYSTEM_JITTER constraint to the UCF to modify the Clock 
   Uncertainty calculation.
INFO:Timing:3389 - This architecture does not support 'Discrete Jitter' and 
   'Phase Error' calculations, these terms will be zero in the Clock 
   Uncertainty calculation.  Please make appropriate modification to 
   SYSTEM_JITTER to account for the unsupported Discrete Jitter and Phase 
   Error.



Data Sheet report:
-----------------
All values displayed in nanoseconds (ns)

Pad to Pad
---------------+---------------+---------+
Source Pad     |Destination Pad|  Delay  |
---------------+---------------+---------+
a<0>           |sum<0>         |    7.720|
a<1>           |cout           |   16.600|
a<1>           |sum<1>         |    8.305|
a<1>           |sum<2>         |    8.783|
a<1>           |sum<3>         |    8.517|
a<1>           |sum<4>         |   10.744|
a<1>           |sum<5>         |   10.091|
a<1>           |sum<6>         |   12.141|
a<1>           |sum<7>         |   11.676|
a<1>           |sum<8>         |   13.299|
a<1>           |sum<9>         |   13.167|
a<1>           |sum<10>        |   13.952|
a<1>           |sum<11>        |   13.521|
a<1>           |sum<12>        |   14.837|
a<1>           |sum<13>        |   15.005|
a<1>           |sum<14>        |   16.850|
a<1>           |sum<15>        |   16.036|
a<2>           |cout           |   15.798|
a<2>           |sum<2>         |    8.120|
a<2>           |sum<3>         |    7.714|
a<2>           |sum<4>         |    9.942|
a<2>           |sum<5>         |    9.289|
a<2>           |sum<6>         |   11.339|
a<2>           |sum<7>         |   10.874|
a<2>           |sum<8>         |   12.497|
a<2>           |sum<9>         |   12.365|
a<2>           |sum<10>        |   13.150|
a<2>           |sum<11>        |   12.719|
a<2>           |sum<12>        |   14.035|
a<2>           |sum<13>        |   14.203|
a<2>           |sum<14>        |   16.048|
a<2>           |sum<15>        |   15.234|
a<3>           |cout           |   16.148|
a<3>           |sum<3>         |    7.534|
a<3>           |sum<4>         |   10.292|
a<3>           |sum<5>         |    9.639|
a<3>           |sum<6>         |   11.689|
a<3>           |sum<7>         |   11.224|
a<3>           |sum<8>         |   12.847|
a<3>           |sum<9>         |   12.715|
a<3>           |sum<10>        |   13.500|
a<3>           |sum<11>        |   13.069|
a<3>           |sum<12>        |   14.385|
a<3>           |sum<13>        |   14.553|
a<3>           |sum<14>        |   16.398|
a<3>           |sum<15>        |   15.584|
a<4>           |cout           |   14.715|
a<4>           |sum<4>         |    8.351|
a<4>           |sum<5>         |    8.599|
a<4>           |sum<6>         |   10.256|
a<4>           |sum<7>         |    9.791|
a<4>           |sum<8>         |   11.414|
a<4>           |sum<9>         |   11.282|
a<4>           |sum<10>        |   12.067|
a<4>           |sum<11>        |   11.636|
a<4>           |sum<12>        |   12.952|
a<4>           |sum<13>        |   13.120|
a<4>           |sum<14>        |   14.965|
a<4>           |sum<15>        |   14.151|
a<5>           |cout           |   13.645|
a<5>           |sum<5>         |    7.912|
a<5>           |sum<6>         |    9.186|
a<5>           |sum<7>         |    8.721|
a<5>           |sum<8>         |   10.344|
a<5>           |sum<9>         |   10.212|
a<5>           |sum<10>        |   10.997|
a<5>           |sum<11>        |   10.566|
a<5>           |sum<12>        |   11.882|
a<5>           |sum<13>        |   12.050|
a<5>           |sum<14>        |   13.895|
a<5>           |sum<15>        |   13.081|
a<6>           |cout           |   12.856|
a<6>           |sum<6>         |    8.055|
a<6>           |sum<7>         |    8.093|
a<6>           |sum<8>         |    9.555|
a<6>           |sum<9>         |    9.423|
a<6>           |sum<10>        |   10.208|
a<6>           |sum<11>        |    9.777|
a<6>           |sum<12>        |   11.093|
a<6>           |sum<13>        |   11.261|
a<6>           |sum<14>        |   13.106|
a<6>           |sum<15>        |   12.292|
a<7>           |cout           |   12.852|
a<7>           |sum<7>         |    7.706|
a<7>           |sum<8>         |    9.551|
a<7>           |sum<9>         |    9.419|
a<7>           |sum<10>        |   10.204|
a<7>           |sum<11>        |    9.773|
a<7>           |sum<12>        |   11.089|
a<7>           |sum<13>        |   11.257|
a<7>           |sum<14>        |   13.102|
a<7>           |sum<15>        |   12.288|
a<8>           |cout           |   11.332|
a<8>           |sum<8>         |    8.269|
a<8>           |sum<9>         |    7.899|
a<8>           |sum<10>        |    8.684|
a<8>           |sum<11>        |    8.253|
a<8>           |sum<12>        |    9.569|
a<8>           |sum<13>        |    9.737|
a<8>           |sum<14>        |   11.582|
a<8>           |sum<15>        |   10.768|
a<9>           |cout           |   11.936|
a<9>           |sum<9>         |    8.503|
a<9>           |sum<10>        |    9.288|
a<9>           |sum<11>        |    8.857|
a<9>           |sum<12>        |   10.173|
a<9>           |sum<13>        |   10.341|
a<9>           |sum<14>        |   12.186|
a<9>           |sum<15>        |   11.372|
a<10>          |cout           |   10.542|
a<10>          |sum<10>        |    7.890|
a<10>          |sum<11>        |    7.463|
a<10>          |sum<12>        |    8.779|
a<10>          |sum<13>        |    8.947|
a<10>          |sum<14>        |   10.792|
a<10>          |sum<15>        |    9.978|
a<11>          |cout           |   11.350|
a<11>          |sum<11>        |    8.271|
a<11>          |sum<12>        |    9.587|
a<11>          |sum<13>        |    9.755|
a<11>          |sum<14>        |   11.600|
a<11>          |sum<15>        |   10.786|
a<12>          |cout           |    9.862|
a<12>          |sum<12>        |    8.160|
a<12>          |sum<13>        |    8.267|
a<12>          |sum<14>        |   10.445|
a<12>          |sum<15>        |    9.631|
a<13>          |cout           |   10.210|
a<13>          |sum<13>        |    9.274|
a<13>          |sum<14>        |   10.171|
a<13>          |sum<15>        |    9.357|
a<14>          |cout           |    8.020|
a<14>          |sum<14>        |    8.831|
a<14>          |sum<15>        |    7.657|
a<15>          |cout           |    7.878|
a<15>          |sum<15>        |    8.148|
b<0>           |sum<0>         |    7.841|
b<1>           |cout           |   17.296|
b<1>           |sum<1>         |    8.750|
b<1>           |sum<2>         |    9.479|
b<1>           |sum<3>         |    9.213|
b<1>           |sum<4>         |   11.440|
b<1>           |sum<5>         |   10.787|
b<1>           |sum<6>         |   12.837|
b<1>           |sum<7>         |   12.372|
b<1>           |sum<8>         |   13.995|
b<1>           |sum<9>         |   13.863|
b<1>           |sum<10>        |   14.648|
b<1>           |sum<11>        |   14.217|
b<1>           |sum<12>        |   15.533|
b<1>           |sum<13>        |   15.701|
b<1>           |sum<14>        |   17.546|
b<1>           |sum<15>        |   16.732|
b<2>           |cout           |   16.012|
b<2>           |sum<2>         |    8.408|
b<2>           |sum<3>         |    7.859|
b<2>           |sum<4>         |   10.156|
b<2>           |sum<5>         |    9.503|
b<2>           |sum<6>         |   11.553|
b<2>           |sum<7>         |   11.088|
b<2>           |sum<8>         |   12.711|
b<2>           |sum<9>         |   12.579|
b<2>           |sum<10>        |   13.364|
b<2>           |sum<11>        |   12.933|
b<2>           |sum<12>        |   14.249|
b<2>           |sum<13>        |   14.417|
b<2>           |sum<14>        |   16.262|
b<2>           |sum<15>        |   15.448|
b<3>           |cout           |   16.449|
b<3>           |sum<3>         |    8.389|
b<3>           |sum<4>         |   10.593|
b<3>           |sum<5>         |    9.940|
b<3>           |sum<6>         |   11.990|
b<3>           |sum<7>         |   11.525|
b<3>           |sum<8>         |   13.148|
b<3>           |sum<9>         |   13.016|
b<3>           |sum<10>        |   13.801|
b<3>           |sum<11>        |   13.370|
b<3>           |sum<12>        |   14.686|
b<3>           |sum<13>        |   14.854|
b<3>           |sum<14>        |   16.699|
b<3>           |sum<15>        |   15.885|
b<4>           |cout           |   15.035|
b<4>           |sum<4>         |    8.599|
b<4>           |sum<5>         |    8.983|
b<4>           |sum<6>         |   10.576|
b<4>           |sum<7>         |   10.111|
b<4>           |sum<8>         |   11.734|
b<4>           |sum<9>         |   11.602|
b<4>           |sum<10>        |   12.387|
b<4>           |sum<11>        |   11.956|
b<4>           |sum<12>        |   13.272|
b<4>           |sum<13>        |   13.440|
b<4>           |sum<14>        |   15.285|
b<4>           |sum<15>        |   14.471|
b<5>           |cout           |   14.154|
b<5>           |sum<5>         |    8.441|
b<5>           |sum<6>         |    9.695|
b<5>           |sum<7>         |    9.230|
b<5>           |sum<8>         |   10.853|
b<5>           |sum<9>         |   10.721|
b<5>           |sum<10>        |   11.506|
b<5>           |sum<11>        |   11.075|
b<5>           |sum<12>        |   12.391|
b<5>           |sum<13>        |   12.559|
b<5>           |sum<14>        |   14.404|
b<5>           |sum<15>        |   13.590|
b<6>           |cout           |   12.842|
b<6>           |sum<6>         |    8.220|
b<6>           |sum<7>         |    8.015|
b<6>           |sum<8>         |    9.541|
b<6>           |sum<9>         |    9.409|
b<6>           |sum<10>        |   10.194|
b<6>           |sum<11>        |    9.763|
b<6>           |sum<12>        |   11.079|
b<6>           |sum<13>        |   11.247|
b<6>           |sum<14>        |   13.092|
b<6>           |sum<15>        |   12.278|
b<7>           |cout           |   12.424|
b<7>           |sum<7>         |    7.258|
b<7>           |sum<8>         |    9.123|
b<7>           |sum<9>         |    8.991|
b<7>           |sum<10>        |    9.776|
b<7>           |sum<11>        |    9.345|
b<7>           |sum<12>        |   10.661|
b<7>           |sum<13>        |   10.829|
b<7>           |sum<14>        |   12.674|
b<7>           |sum<15>        |   11.860|
b<8>           |cout           |   11.457|
b<8>           |sum<8>         |    7.863|
b<8>           |sum<9>         |    8.024|
b<8>           |sum<10>        |    8.809|
b<8>           |sum<11>        |    8.378|
b<8>           |sum<12>        |    9.694|
b<8>           |sum<13>        |    9.862|
b<8>           |sum<14>        |   11.707|
b<8>           |sum<15>        |   10.893|
b<9>           |cout           |   11.958|
b<9>           |sum<9>         |    8.525|
b<9>           |sum<10>        |    9.310|
b<9>           |sum<11>        |    8.879|
b<9>           |sum<12>        |   10.195|
b<9>           |sum<13>        |   10.363|
b<9>           |sum<14>        |   12.208|
b<9>           |sum<15>        |   11.394|
b<10>          |cout           |   10.875|
b<10>          |sum<10>        |    7.754|
b<10>          |sum<11>        |    7.796|
b<10>          |sum<12>        |    9.112|
b<10>          |sum<13>        |    9.280|
b<10>          |sum<14>        |   11.125|
b<10>          |sum<15>        |   10.311|
b<11>          |cout           |   10.708|
b<11>          |sum<11>        |    7.629|
b<11>          |sum<12>        |    8.945|
b<11>          |sum<13>        |    9.113|
b<11>          |sum<14>        |   10.958|
b<11>          |sum<15>        |   10.144|
b<12>          |cout           |    9.758|
b<12>          |sum<12>        |    7.696|
b<12>          |sum<13>        |    7.790|
b<12>          |sum<14>        |    9.921|
b<12>          |sum<15>        |    9.107|
b<13>          |cout           |    9.744|
b<13>          |sum<13>        |    8.808|
b<13>          |sum<14>        |    9.910|
b<13>          |sum<15>        |    9.096|
b<14>          |cout           |    8.394|
b<14>          |sum<14>        |    8.822|
b<14>          |sum<15>        |    7.648|
b<15>          |cout           |    7.675|
b<15>          |sum<15>        |    7.486|
cin            |cout           |   17.672|
cin            |sum<0>         |    8.350|
cin            |sum<1>         |    8.212|
cin            |sum<2>         |    9.855|
cin            |sum<3>         |    9.589|
cin            |sum<4>         |   11.816|
cin            |sum<5>         |   11.163|
cin            |sum<6>         |   13.213|
cin            |sum<7>         |   12.748|
cin            |sum<8>         |   14.371|
cin            |sum<9>         |   14.239|
cin            |sum<10>        |   15.024|
cin            |sum<11>        |   14.593|
cin            |sum<12>        |   15.909|
cin            |sum<13>        |   16.077|
cin            |sum<14>        |   17.922|
cin            |sum<15>        |   17.108|
---------------+---------------+---------+


Analysis completed Sat Jun 08 11:01:04 2019 
--------------------------------------------------------------------------------

Trace Settings:
-------------------------
Trace Settings 

Peak Memory Usage: 4489 MB



